<?xml version="1.0" encoding="UTF-8"?>
<!-- Generated by org.testng.reporters.JUnitReportReporter -->
<testsuite hostname="NazmunS" failures="0" tests="5" name="testCases.TC_VideoGameAPI" time="5.995" errors="0" timestamp="2024-08-07T15:55:59 CDT" skipped="0">
  <testcase classname="testCases.TC_VideoGameAPI" name="test_getAllVideoGames" time="1.740"/>
  <system-out/>
  <testcase classname="testCases.TC_VideoGameAPI" name="test_addNewVideoGame" time="0.544"/>
  <system-out/>
  <testcase classname="testCases.TC_VideoGameAPI" name="test_getVideoGame" time="0.617"/>
  <system-out/>
  <testcase classname="testCases.TC_VideoGameAPI" name="test_UpdateVideoGame" time="0.058"/>
  <system-out/>
  <testcase classname="testCases.TC_VideoGameAPI" name="test_DeleteVideoGame" time="3.036"/>
  <system-out/>
</testsuite> <!-- testCases.TC_VideoGameAPI -->
